<?xml version="1.0" encoding="UTF-8" ?>
<testsuite tests="1" failures="0" name="com.browserstack.sample.JUnitTest" time="15.053" errors="1" skipped="0">
  <properties>
[...]
</properties>
  <testcase classname="com.browserstack.sample.JUnitTest" name="testSimple" time="15.053">
    <error message="Error loading page (WARNING: The server did not provide any stacktrace information)
Command duration or timeout: 2.66 seconds
Build info: version: &apos;3.0.0-beta2&apos;, revision: &apos;2aa21c1&apos;, time: &apos;2016-08-02 15:03:28 -0700&apos;
System info: host: &apos;185-129-69-90&apos;, ip: &apos;185.129.69.90&apos;, os.name: &apos;windows&apos;, os.arch: &apos;x86&apos;, os.version: &apos;6.1&apos;, java.version: &apos;1.8.0_101&apos;
Driver info: org.openqa.selenium.firefox.FirefoxDriver
Capabilities [{raisesAccessibilityExceptions=false, language=Apache-HttpClient/4.4.1 (Java/1.8.0_91), browserstack.selenium.jar.version=3.0.0-beta2, appBuildId=20160916101415, platform=XP, specificationLevel=0, acceptSslCerts=false, processId=964, browser=firefox, browserVersion=49.0, platformVersion=6.1, acceptSslCert=false, XULappId={ec8030f7-c20a-464f-9b0e-13a3a9e97384}, browserName=firefox, takesScreenshot=true, browser_version=49.0, platformName=windows_nt, 64bit=true, browserstack.debug=false, rotatable=false, os=Windows, browserstack.ie.noFlash=false, os_version=7, version=49.0, proxy={}, command_id=1, firefox_binary=c:\Program Files (x86)\firefox 49.0\firefox.exe, browserstack.video=true, orig_os=win7, takesElementScreenshot=true, device=desktop, firefox_profile=UEsDBBQAAAAIADNwWUmK7I+M9AMAA..., proxy_type=node}]
Session ID: 80eed70c-ca63-4070-8e4d-d3a6962ae34d
Command duration or timeout: 3.21 seconds
Build info: version: &apos;2.46.0&apos;, revision: &apos;61506a4624b13675f24581e453592342b7485d71&apos;, time: &apos;2015-06-04 10:22:50&apos;
System info: host: &apos;Harishs-MacBook-Pro.local&apos;, ip: &apos;10.100.101.126&apos;, os.name: &apos;Mac OS X&apos;, os.arch: &apos;x86_64&apos;, os.version: &apos;10.12.1&apos;, java.version: &apos;1.8.0_91&apos;
Driver info: org.openqa.selenium.remote.RemoteWebDriver
Capabilities [{raisesAccessibilityExceptions=false, language=Apache-HttpClient/4.4.1 (Java/1.8.0_91), browserstack.selenium.jar.version=3.0.0-beta2, appBuildId=20160916101415, platform=WINDOWS, specificationLevel=0, acceptSslCerts=false, processId=964, browser=firefox, browserVersion=49.0, platformVersion=6.1, acceptSslCert=false, XULappId={ec8030f7-c20a-464f-9b0e-13a3a9e97384}, browserName=firefox, takesScreenshot=true, javascriptEnabled=true, browser_version=49.0, platformName=windows_nt, 64bit=true, browserstack.debug=false, rotatable=false, os=Windows, browserstack.ie.noFlash=false, os_version=7, version=49.0, command_id=1, firefox_binary=c:\Program Files (x86)\firefox 49.0\firefox.exe, browserstack.video=true, webdriver.remote.sessionid=005fc5a9b20aef4a57046e13147342a2c980bb11, orig_os=win7, takesElementScreenshot=true, device=desktop, cssSelectorsEnabled=true, proxy_type=node}]
Session ID: 005fc5a9b20aef4a57046e13147342a2c980bb11" type="org.openqa.selenium.WebDriverException">org.openqa.selenium.WebDriverException: Error loading page (WARNING: The server did not provide any stacktrace information)
Command duration or timeout: 2.66 seconds
Build info: version: &apos;3.0.0-beta2&apos;, revision: &apos;2aa21c1&apos;, time: &apos;2016-08-02 15:03:28 -0700&apos;
System info: host: &apos;185-129-69-90&apos;, ip: &apos;185.129.69.90&apos;, os.name: &apos;windows&apos;, os.arch: &apos;x86&apos;, os.version: &apos;6.1&apos;, java.version: &apos;1.8.0_101&apos;
Driver info: org.openqa.selenium.firefox.FirefoxDriver
Capabilities [{raisesAccessibilityExceptions=false, language=Apache-HttpClient/4.4.1 (Java/1.8.0_91), browserstack.selenium.jar.version=3.0.0-beta2, appBuildId=20160916101415, platform=XP, specificationLevel=0, acceptSslCerts=false, processId=964, browser=firefox, browserVersion=49.0, platformVersion=6.1, acceptSslCert=false, XULappId={ec8030f7-c20a-464f-9b0e-13a3a9e97384}, browserName=firefox, takesScreenshot=true, browser_version=49.0, platformName=windows_nt, 64bit=true, browserstack.debug=false, rotatable=false, os=Windows, browserstack.ie.noFlash=false, os_version=7, version=49.0, proxy={}, command_id=1, firefox_binary=c:\Program Files (x86)\firefox 49.0\firefox.exe, browserstack.video=true, orig_os=win7, takesElementScreenshot=true, device=desktop, firefox_profile=UEsDBBQAAAAIADNwWUmK7I+M9AMAA..., proxy_type=node}]
Session ID: 80eed70c-ca63-4070-8e4d-d3a6962ae34d
Command duration or timeout: 3.21 seconds
Build info: version: &apos;2.46.0&apos;, revision: &apos;61506a4624b13675f24581e453592342b7485d71&apos;, time: &apos;2015-06-04 10:22:50&apos;
System info: host: &apos;Harishs-MacBook-Pro.local&apos;, ip: &apos;10.100.101.126&apos;, os.name: &apos;Mac OS X&apos;, os.arch: &apos;x86_64&apos;, os.version: &apos;10.12.1&apos;, java.version: &apos;1.8.0_91&apos;
Driver info: org.openqa.selenium.remote.RemoteWebDriver
Capabilities [{raisesAccessibilityExceptions=false, language=Apache-HttpClient/4.4.1 (Java/1.8.0_91), browserstack.selenium.jar.version=3.0.0-beta2, appBuildId=20160916101415, platform=WINDOWS, specificationLevel=0, acceptSslCerts=false, processId=964, browser=firefox, browserVersion=49.0, platformVersion=6.1, acceptSslCert=false, XULappId={ec8030f7-c20a-464f-9b0e-13a3a9e97384}, browserName=firefox, takesScreenshot=true, javascriptEnabled=true, browser_version=49.0, platformName=windows_nt, 64bit=true, browserstack.debug=false, rotatable=false, os=Windows, browserstack.ie.noFlash=false, os_version=7, version=49.0, command_id=1, firefox_binary=c:\Program Files (x86)\firefox 49.0\firefox.exe, browserstack.video=true, webdriver.remote.sessionid=005fc5a9b20aef4a57046e13147342a2c980bb11, orig_os=win7, takesElementScreenshot=true, device=desktop, cssSelectorsEnabled=true, proxy_type=node}]
Session ID: 005fc5a9b20aef4a57046e13147342a2c980bb11
	at sun.reflect.NativeConstructorAccessorImpl.newInstance0(Native Method)
	at sun.reflect.NativeConstructorAccessorImpl.newInstance(NativeConstructorAccessorImpl.java:62)
	at sun.reflect.DelegatingConstructorAccessorImpl.newInstance(DelegatingConstructorAccessorImpl.java:45)
	at java.lang.reflect.Constructor.newInstance(Constructor.java:423)
	at org.openqa.selenium.remote.ErrorHandler.createThrowable(ErrorHandler.java:204)
	at org.openqa.selenium.remote.ErrorHandler.throwIfResponseFailed(ErrorHandler.java:156)
	at org.openqa.selenium.remote.RemoteWebDriver.execute(RemoteWebDriver.java:605)
	at org.openqa.selenium.remote.RemoteWebDriver.get(RemoteWebDriver.java:306)
	at com.browserstack.sample.JUnitTest.testSimple(JUnitTest.java:48)
	at sun.reflect.NativeMethodAccessorImpl.invoke0(Native Method)
	at sun.reflect.NativeMethodAccessorImpl.invoke(NativeMethodAccessorImpl.java:62)
	at sun.reflect.DelegatingMethodAccessorImpl.invoke(DelegatingMethodAccessorImpl.java:43)
	at java.lang.reflect.Method.invoke(Method.java:498)
	at org.junit.runners.model.FrameworkMethod$1.runReflectiveCall(FrameworkMethod.java:44)
	at org.junit.internal.runners.model.ReflectiveCallable.run(ReflectiveCallable.java:15)
	at org.junit.runners.model.FrameworkMethod.invokeExplosively(FrameworkMethod.java:41)
	at org.junit.internal.runners.statements.InvokeMethod.evaluate(InvokeMethod.java:20)
	at org.junit.internal.runners.statements.RunBefores.evaluate(RunBefores.java:28)
	at org.junit.internal.runners.statements.RunAfters.evaluate(RunAfters.java:31)
	at org.junit.runners.BlockJUnit4ClassRunner.runChild(BlockJUnit4ClassRunner.java:76)
	at org.junit.runners.BlockJUnit4ClassRunner.runChild(BlockJUnit4ClassRunner.java:50)
	at org.junit.runners.ParentRunner$3.run(ParentRunner.java:193)
	at org.junit.runners.ParentRunner$1.schedule(ParentRunner.java:52)
	at org.junit.runners.ParentRunner.runChildren(ParentRunner.java:191)
	at org.junit.runners.ParentRunner.access$000(ParentRunner.java:42)
	at org.junit.runners.ParentRunner$2.evaluate(ParentRunner.java:184)
	at org.junit.runners.ParentRunner.run(ParentRunner.java:236)
	at org.apache.maven.surefire.junit4.JUnit4Provider.execute(JUnit4Provider.java:252)
	at org.apache.maven.surefire.junit4.JUnit4Provider.executeTestSet(JUnit4Provider.java:141)
	at org.apache.maven.surefire.junit4.JUnit4Provider.invoke(JUnit4Provider.java:112)
	at sun.reflect.NativeMethodAccessorImpl.invoke0(Native Method)
	at sun.reflect.NativeMethodAccessorImpl.invoke(NativeMethodAccessorImpl.java:62)
	at sun.reflect.DelegatingMethodAccessorImpl.invoke(DelegatingMethodAccessorImpl.java:43)
	at java.lang.reflect.Method.invoke(Method.java:498)
	at org.apache.maven.surefire.util.ReflectionUtils.invokeMethodWithArray(ReflectionUtils.java:189)
	at org.apache.maven.surefire.booter.ProviderFactory$ProviderProxy.invoke(ProviderFactory.java:165)
	at org.apache.maven.surefire.booter.ProviderFactory.invokeProvider(ProviderFactory.java:85)
	at org.apache.maven.surefire.booter.ForkedBooter.runSuitesInProcess(ForkedBooter.java:115)
	at org.apache.maven.surefire.booter.ForkedBooter.main(ForkedBooter.java:75)
Caused by: org.openqa.selenium.remote.ScreenshotException: Screen shot has been taken
Build info: version: &apos;2.46.0&apos;, revision: &apos;61506a4624b13675f24581e453592342b7485d71&apos;, time: &apos;2015-06-04 10:22:50&apos;
System info: host: &apos;Harishs-MacBook-Pro.local&apos;, ip: &apos;10.100.101.126&apos;, os.name: &apos;Mac OS X&apos;, os.arch: &apos;x86_64&apos;, os.version: &apos;10.12.1&apos;, java.version: &apos;1.8.0_91&apos;
Driver info: driver.version: RemoteWebDriver
	at org.openqa.selenium.remote.ErrorHandler.throwIfResponseFailed(ErrorHandler.java:136)
	... 33 more
Caused by: org.openqa.selenium.WebDriverException: Error loading page (WARNING: The server did not provide any stacktrace information)
Command duration or timeout: 2.66 seconds
Build info: version: &apos;3.0.0-beta2&apos;, revision: &apos;2aa21c1&apos;, time: &apos;2016-08-02 15:03:28 -0700&apos;
System info: host: &apos;185-129-69-90&apos;, ip: &apos;185.129.69.90&apos;, os.name: &apos;windows&apos;, os.arch: &apos;x86&apos;, os.version: &apos;6.1&apos;, java.version: &apos;1.8.0_101&apos;
Driver info: org.openqa.selenium.firefox.FirefoxDriver
Capabilities [{raisesAccessibilityExceptions=false, language=Apache-HttpClient/4.4.1 (Java/1.8.0_91), browserstack.selenium.jar.version=3.0.0-beta2, appBuildId=20160916101415, platform=XP, specificationLevel=0, acceptSslCerts=false, processId=964, browser=firefox, browserVersion=49.0, platformVersion=6.1, acceptSslCert=false, XULappId={ec8030f7-c20a-464f-9b0e-13a3a9e97384}, browserName=firefox, takesScreenshot=true, browser_version=49.0, platformName=windows_nt, 64bit=true, browserstack.debug=false, rotatable=false, os=Windows, browserstack.ie.noFlash=false, os_version=7, version=49.0, proxy={}, command_id=1, firefox_binary=c:\Program Files (x86)\firefox 49.0\firefox.exe, browserstack.video=true, orig_os=win7, takesElementScreenshot=true, device=desktop, firefox_profile=UEsDBBQAAAAIADNwWUmK7I+M9AMAA..., proxy_type=node}]
Session ID: 80eed70c-ca63-4070-8e4d-d3a6962ae34d
Build info: version: &apos;2.46.0&apos;, revision: &apos;61506a4624b13675f24581e453592342b7485d71&apos;, time: &apos;2015-06-04 10:22:50&apos;
System info: host: &apos;Harishs-MacBook-Pro.local&apos;, ip: &apos;10.100.101.126&apos;, os.name: &apos;Mac OS X&apos;, os.arch: &apos;x86_64&apos;, os.version: &apos;10.12.1&apos;, java.version: &apos;1.8.0_91&apos;
Driver info: driver.version: EventFiringWebDriver
	at sun.reflect.NativeConstructorAccessorImpl.newInstance0(Native Method)
	at sun.reflect.NativeConstructorAccessorImpl.newInstance(Unknown Source)
	at sun.reflect.DelegatingConstructorAccessorImpl.newInstance(Unknown Source)
	at java.lang.reflect.Constructor.newInstance(Unknown Source)
	at org.openqa.selenium.remote.ErrorHandler.createThrowable(ErrorHandler.java:206)
	at org.openqa.selenium.remote.ErrorHandler.throwIfResponseFailed(ErrorHandler.java:158)
	at org.openqa.selenium.remote.RemoteWebDriver.execute(RemoteWebDriver.java:683)
	at org.openqa.selenium.remote.RemoteWebDriver.get(RemoteWebDriver.java:331)
	at sun.reflect.NativeMethodAccessorImpl.invoke0(Native Method)
	at sun.reflect.NativeMethodAccessorImpl.invoke(Unknown Source)
	at sun.reflect.DelegatingMethodAccessorImpl.invoke(Unknown Source)
	at java.lang.reflect.Method.invoke(Unknown Source)
	at org.openqa.selenium.support.events.EventFiringWebDriver$2.invoke(EventFiringWebDriver.java:103)
	at com.sun.proxy.$Proxy3.get(Unknown Source)
	at org.openqa.selenium.support.events.EventFiringWebDriver.get(EventFiringWebDriver.java:162)
	at org.openqa.selenium.remote.server.handler.ChangeUrl.call(ChangeUrl.java:40)
	at org.openqa.selenium.remote.server.handler.ChangeUrl.call(ChangeUrl.java:25)
	at java.util.concurrent.FutureTask.run(Unknown Source)
	at org.openqa.selenium.remote.server.DefaultSession$1.run(DefaultSession.java:176)
	at java.util.concurrent.ThreadPoolExecutor.runWorker(Unknown Source)
	at java.util.concurrent.ThreadPoolExecutor$Worker.run(Unknown Source)
	at java.lang.Thread.run(Unknown Source)
</error>
    <system-out>Starting server on port: 8080
browserstack:session:005fc5a9b20aef4a57046e13147342a2c980bb11:test:255cefd8ca88e51ceb255e0beb0859852a0e78c1{0}
</system-out>
  </testcase>
</testsuite>